[debug] [2024-10-12T17:27:42.454Z] ----------------------------------------------------------------------
[debug] [2024-10-12T17:27:42.461Z] Command:       C:\Program Files\nodejs\node.exe C:\Users\44756\AppData\Roaming\npm\node_modules\firebase-tools\lib\bin\firebase.js auth:import users.json --hash-algo=scrypt --hash-key=base64secret== --rounds=8 --mem-cost=14
[debug] [2024-10-12T17:27:42.461Z] CLI Version:   13.22.0
[debug] [2024-10-12T17:27:42.462Z] Platform:      win32
[debug] [2024-10-12T17:27:42.462Z] Node Version:  v20.18.0
[debug] [2024-10-12T17:27:42.462Z] Time:          Sat Oct 12 2024 18:27:42 GMT+0100 (British Summer Time)
[debug] [2024-10-12T17:27:42.462Z] ----------------------------------------------------------------------
[debug] 
[debug] [2024-10-12T17:27:42.603Z] > command requires scopes: ["email","openid","https://www.googleapis.com/auth/cloudplatformprojects.readonly","https://www.googleapis.com/auth/firebase","https://www.googleapis.com/auth/cloud-platform"]
[debug] [2024-10-12T17:27:42.604Z] > authorizing via signed-in user (ridwanadam8705@gmail.com)
[debug] [2024-10-12T17:27:42.604Z] [iam] checking project culture-9c382 for permissions ["firebase.projects.get","firebaseauth.users.create","firebaseauth.users.update"]
[debug] [2024-10-12T17:27:42.607Z] Checked if tokens are valid: true, expires at: 1728757568833
[debug] [2024-10-12T17:27:42.608Z] Checked if tokens are valid: true, expires at: 1728757568833
[debug] [2024-10-12T17:27:42.610Z] >>> [apiv2][query] POST https://cloudresourcemanager.googleapis.com/v1/projects/culture-9c382:testIamPermissions [none]
[debug] [2024-10-12T17:27:42.611Z] >>> [apiv2][(partial)header] POST https://cloudresourcemanager.googleapis.com/v1/projects/culture-9c382:testIamPermissions x-goog-quota-user=projects/culture-9c382
[debug] [2024-10-12T17:27:42.611Z] >>> [apiv2][body] POST https://cloudresourcemanager.googleapis.com/v1/projects/culture-9c382:testIamPermissions {"permissions":["firebase.projects.get","firebaseauth.users.create","firebaseauth.users.update"]}
[debug] [2024-10-12T17:27:43.005Z] <<< [apiv2][status] POST https://cloudresourcemanager.googleapis.com/v1/projects/culture-9c382:testIamPermissions 200
[debug] [2024-10-12T17:27:43.005Z] <<< [apiv2][body] POST https://cloudresourcemanager.googleapis.com/v1/projects/culture-9c382:testIamPermissions {"permissions":["firebase.projects.get","firebaseauth.users.create","firebaseauth.users.update"]}
[debug] [2024-10-12T17:27:43.162Z] Error: ENOENT: no such file or directory, stat 'C:\Users\44756\Culture_Compass3\my-new-app\backend\users.json'
[error] 
[error] Error: An unexpected error has occurred.
